#=== max path ===
#	[flattened pos]	[shape]	[name]	[value]
#	 2.0 	 torch.Size([1, 1000]) 	 my_Linear 	 1.2701916602964047e-05
#	 2987.0 	 torch.Size([1, 4096]) 	 my_ReLU 	 1.2701916602964047e-05
#	 2987.0 	 torch.Size([1, 4096]) 	 my_Linear 	 0.00040731747867539525
#	 2019.0 	 torch.Size([1, 4096]) 	 my_ReLU 	 0.00040731747867539525
#	 2019.0 	 torch.Size([1, 4096]) 	 my_Linear 	 0.013056736439466476
#	 0.0 	 torch.Size([1, 4, 3, 3]) 	 my_AvgPool2d 	 0.07913026213645935
#	 0.0 	 torch.Size([1, 4, 3, 3]) 	 my_MaxPool2d 	 0.07913026213645935
#	 1.0 	 torch.Size([1, 4, 6, 6]) 	 my_ReLU 	 0.07913026213645935
#	 1.0 	 torch.Size([1, 4, 6, 6]) 	 my_Conv2d 	 0.07913026213645935
#	 43.0 	 torch.Size([1, 4, 6, 6]) 	 my_MaxPool2d 	 0.4926097095012665
#	 182.0 	 torch.Size([1, 4, 12, 12]) 	 my_ReLU 	 0.4926097095012665
#	 182.0 	 torch.Size([1, 4, 12, 12]) 	 my_Conv2d 	 0.4926097095012665
#	 313.0 	 torch.Size([1, 3, 12, 12]) 	 Input 	 2.5829811096191406
1.2701916602964047e-05 p,2,2987,2987,2019,2019,0,0,1,1,43,182,182,313
6.332461452984717e-06 p,2,-514,-514,-2327,-2327,0,0,1,1,43,182,182,313
6.291923909884645e-06 p,2,-1151,-1151,26,26,0,0,1,1,43,182,182,313
6.279957233346067e-06 p,2,3231,3231,-1266,-1266,0,0,1,1,43,182,182,313
6.257579570956295e-06 p,2,329,329,-664,-664,0,0,1,1,43,182,182,313
6.252740149648162e-06 p,2,2680,2680,1242,1242,0,0,1,1,43,182,182,313
6.212858806975419e-06 p,2,788,788,553,553,0,0,1,1,43,182,182,313
6.212196694832528e-06 p,2,1330,1330,2994,2994,0,0,1,1,43,182,182,313
6.20330774836475e-06 p,2,1074,1074,1706,1706,0,0,1,1,43,182,182,313
6.2006151893001515e-06 p,2,-2059,-2059,-1609,-1609,0,0,1,1,43,182,182,313
